<?xml version="1.0" encoding="UTF-8"?>
<beans xmlns:mvc="http://www.springframework.org/schema/mvc"
	xmlns:xsi="http://www.w3.org/2001/XMLSchema-instance" xmlns="http://www.springframework.org/schema/beans"
	xmlns:context="http://www.springframework.org/schema/context" xmlns:tx="http://www.springframework.org/schema/tx"
	xmlns:p="http://www.springframework.org/schema/p"
	xsi:schemaLocation="http://www.springframework.org/schema/beans 
		http://www.springframework.org/schema/beans/spring-beans.xsd
		http://www.springframework.org/schema/tx 
		http://www.springframework.org/schema/tx/spring-tx.xsd
		http://www.springframework.org/schema/mvc 
     	http://www.springframework.org/schema/mvc/spring-mvc.xsd 
		http://www.springframework.org/schema/context 
		http://www.springframework.org/schema/context/spring-context.xsd">

	<context:component-scan base-package="org.protaxi.**.*" />

	<tx:annotation-driven />

	<bean id="dataSource" class="org.apache.commons.dbcp2.BasicDataSource"
		destroy-method="close">
		<property name="driverClassName" value="com.mysql.jdbc.Driver" />
		<property name="url"
			value="jdbc:mysql://localhost:3306/testprotaxi?createDatabaseIfNotExist=true" />
		<property name="username" value="root" />
		<property name="password" value="root" />
	</bean>

	<bean id="sessionFactory"
		class="org.springframework.orm.hibernate4.LocalSessionFactoryBean">
		<property name="dataSource" ref="dataSource" />
		<property name="configLocation" value="classpath:test-protaxi-database-config.xml" />
	</bean>

	<bean id="transactionManager"
		class="org.springframework.orm.hibernate4.HibernateTransactionManager">
		<property name="sessionFactory" ref="sessionFactory" />
	</bean>
	
	<mvc:annotation-driven />
	<!-- <mvc:annotation-driven> -->
	<!-- <mvc:message-converters> -->
	<!-- <bean -->
	<!-- class="org.springframework.http.converter.json.MappingJackson2HttpMessageConverter"> -->
	<!-- <property name="objectMapper"> -->
	<!-- <bean -->
	<!-- class="org.springframework.http.converter.json.Jackson2ObjectMapperFactoryBean" -->
	<!-- p:indentOutput="false" p:simpleDateFormat="yyyy-MM-dd'T'HH:mm:ss.SSSZ" 
		/> -->
	<!-- </property> -->
	<!-- </bean> -->
	<!-- </mvc:message-converters> -->
	<!-- </mvc:annotation-driven> -->

	<!-- <bean -->
	<!-- class="org.springframework.web.servlet.view.ContentNegotiatingViewResolver"> -->
	<!-- <property name="mediaTypes"> -->
	<!-- <map> -->
	<!-- <entry key="json" value="application/json"></entry> -->
	<!-- </map> -->
	<!-- </property> -->
	<!-- <property name="defaultViews"> -->
	<!-- <list> -->
	<!-- <bean -->
	<!-- class="org.springframework.web.servlet.view.json.MappingJackson2JsonView"></bean> -->
	<!-- </list> -->
	<!-- </property> -->
	<!-- </bean> -->
	<!-- <bean id="messageSource" -->
	<!-- class="org.springframework.context.support.ResourceBundleMessageSource"> -->
	<!-- <property name="basenames"> -->
	<!-- <list> -->
	<!-- <value>messages</value> -->
	<!-- <value>ValidationMessages</value> -->
	<!-- </list> -->
	<!-- </property> -->
	<!-- </bean> -->

	<!-- <bean id="messageSourceAccessor" -->
	<!-- class="org.springframework.context.support.MessageSourceAccessor"> -->
	<!-- <constructor-arg ref="messageSource" /> -->
	<!-- </bean> -->
</beans>
